<?xml version="1.0" encoding="UTF-8"?>
<testsuite xmlns:xsi="http://www.w3.org/2001/XMLSchema-instance" xsi:noNamespaceSchemaLocation="https://maven.apache.org/surefire/maven-surefire-plugin/xsd/surefire-test-report.xsd" name="org.springframework.boot.web.embedded.undertow.UndertowServletWebServerFactoryTests" time="2.467" tests="79" errors="0" skipped="2" failures="1">
  <properties>
[...]
</properties>
  <testcase name="sslRestrictedProtocolsRSATLS12Success" classname="org.springframework.boot.web.embedded.undertow.UndertowServletWebServerFactoryTests" time="0.271"/>
  <testcase name="sslRestrictedProtocolsEmptyCipherFailure" classname="org.springframework.boot.web.embedded.undertow.UndertowServletWebServerFactoryTests" time="0.06">
    <failure message="&#10;Expecting:&#10; &lt;javax.net.ssl.SSLException: Received fatal alert: internal_error&gt;&#10;to be an instance of any of:&#10; &lt;[javax.net.ssl.SSLHandshakeException, java.net.SocketException]&gt;&#10;but was:&#10; &lt;&quot;javax.net.ssl.SSLException: Received fatal alert: internal_error&#10;	at sun.security.ssl.Alerts.getSSLException(Alerts.java:208)&#10;	at sun.security.ssl.Alerts.getSSLException(Alerts.java:154)&#10;	at sun.security.ssl.SSLSocketImpl.recvAlert(SSLSocketImpl.java:2020)&#10;	at sun.security.ssl.SSLSocketImpl.readRecord(SSLSocketImpl.java:1127)&#10;	at sun.security.ssl.SSLSocketImpl.performInitialHandshake(SSLSocketImpl.java:1367)&#10;	at sun.security.ssl.SSLSocketImpl.startHandshake(SSLSocketImpl.java:1395)&#10;	at sun.security.ssl.SSLSocketImpl.startHandshake(SSLSocketImpl.java:1379)&#10;	at org.apache.http.conn.ssl.SSLConnectionSocketFactory.createLayeredSocket(SSLConnectionSocketFactory.java:396)&#10;	at org.apache.http.conn.ssl.SSLConnectionSocketFactory.connectSocket(SSLConnectionSocketFactory.java:355)&#10;	at org.apache.http.impl.conn.DefaultHttpClientConnectionOperator.connect(DefaultHttpClientConnectionOperator.java:142)&#10;	at org.apache.http.impl.conn.PoolingHttpClientConnectionManager.connect(PoolingHttpClientConnectionManager.java:373)&#10;	at org.apache.http.impl.execchain.MainClientExec.establishRoute(MainClientExec.java:394)&#10;	at org.apache.http.impl.execchain.MainClientExec.execute(MainClientExec.java:237)&#10;	at org.apache.http.impl.execchain.ProtocolExec.execute(ProtocolExec.java:185)&#10;	at org.apache.http.impl.execchain.RetryExec.execute(RetryExec.java:89)&#10;	at org.apache.http.impl.execchain.RedirectExec.execute(RedirectExec.java:110)&#10;	at org.apache.http.impl.client.InternalHttpClient.doExecute(InternalHttpClient.java:185)&#10;	at org.apache.http.impl.client.CloseableHttpClient.execute(CloseableHttpClient.java:83)&#10;	at org.apache.http.impl.client.CloseableHttpClient.execute(CloseableHttpClient.java:56)&#10;	at org.springframework.http.client.HttpComponentsClientHttpRequest.executeInternal(HttpComponentsClientHttpRequest.java:87)&#10;	at org.springframework.http.client.AbstractBufferingClientHttpRequest.executeInternal(AbstractBufferingClientHttpRequest.java:48)&#10;	at org.springframework.http.client.AbstractClientHttpRequest.execute(AbstractClientHttpRequest.java:53)&#10;	at org.springframework.boot.web.servlet.server.AbstractServletWebServerFactoryTests.getClientResponse(AbstractServletWebServerFactoryTests.java:1213)&#10;	at org.springframework.boot.web.servlet.server.AbstractServletWebServerFactoryTests.getResponse(AbstractServletWebServerFactoryTests.java:1179)&#10;	at org.springframework.boot.web.servlet.server.AbstractServletWebServerFactoryTests.getResponse(AbstractServletWebServerFactoryTests.java:1173)&#10;	at org.springframework.boot.web.servlet.server.AbstractServletWebServerFactoryTests.testRestrictedSSLProtocolsAndCipherSuites(AbstractServletWebServerFactoryTests.java:705)&#10;	at org.springframework.boot.web.embedded.undertow.UndertowServletWebServerFactoryTests.lambda$sslRestrictedProtocolsEmptyCipherFailure$8(UndertowServletWebServerFactoryTests.java:214)&#10;	at org.assertj.core.api.ThrowableAssert.catchThrowable(ThrowableAssert.java:62)&#10;	at org.assertj.core.api.ThrowableTypeAssert.isThrownBy(ThrowableTypeAssert.java:59)&#10;	at org.springframework.boot.web.embedded.undertow.UndertowServletWebServerFactoryTests.sslRestrictedProtocolsEmptyCipherFailure(UndertowServletWebServerFactoryTests.java:214)&#10;	at sun.reflect.NativeMethodAccessorImpl.invoke0(Native Method)&#10;	at sun.reflect.NativeMethodAccessorImpl.invoke(NativeMethodAccessorImpl.java:62)&#10;	at sun.reflect.DelegatingMethodAccessorImpl.invoke(DelegatingMethodAccessorImpl.java:43)&#10;	at java.lang.reflect.Method.invoke(Method.java:498)&#10;	at org.junit.runners.model.FrameworkMethod$1.runReflectiveCall(FrameworkMethod.java:50)&#10;	at org.junit.internal.runners.model.ReflectiveCallable.run(ReflectiveCallable.java:12)&#10;	at org.junit.runners.model.FrameworkMethod.invokeExplosively(FrameworkMethod.java:47)&#10;	at org.junit.internal.runners.statements.InvokeMethod.evaluate(InvokeMethod.java:17)&#10;	at org.junit.internal.runners.statements.RunAfters.evaluate(RunAfters.java:27)&#10;	at org.springframework.boot.testsupport.rule.OutputCapture$1.evaluate(OutputCapture.java:57)&#10;	at org.junit.rules.ExternalResource$1.evaluate(ExternalResource.java:48)&#10;	at org.junit.rules.RunRules.evaluate(RunRules.java:20)&#10;	at org.junit.runners.ParentRunner.runLeaf(ParentRunner.java:325)&#10;	at org.junit.runners.BlockJUnit4ClassRunner.runChild(BlockJUnit4ClassRunner.java:78)&#10;	at org.junit.runners.BlockJUnit4ClassRunner.runChild(BlockJUnit4ClassRunner.java:57)&#10;	at org.junit.runners.ParentRunner$3.run(ParentRunner.java:290)&#10;	at org.junit.runners.ParentRunner$1.schedule(ParentRunner.java:71)&#10;	at org.junit.runners.ParentRunner.runChildren(ParentRunner.java:288)&#10;	at org.junit.runners.ParentRunner.access$000(ParentRunner.java:58)&#10;	at org.junit.runners.ParentRunner$2.evaluate(ParentRunner.java:268)&#10;	at org.junit.runners.ParentRunner.run(ParentRunner.java:363)&#10;	at org.apache.maven.surefire.junit4.JUnit4Provider.execute(JUnit4Provider.java:365)&#10;	at org.apache.maven.surefire.junit4.JUnit4Provider.executeWithRerun(JUnit4Provider.java:273)&#10;	at org.apache.maven.surefire.junit4.JUnit4Provider.executeTestSet(JUnit4Provider.java:238)&#10;	at org.apache.maven.surefire.junit4.JUnit4Provider.invoke(JUnit4Provider.java:159)&#10;	at org.apache.maven.surefire.booter.ForkedBooter.invokeProviderInSameClassLoader(ForkedBooter.java:384)&#10;	at org.apache.maven.surefire.booter.ForkedBooter.runSuitesInProcess(ForkedBooter.java:345)&#10;	at org.apache.maven.surefire.booter.ForkedBooter.execute(ForkedBooter.java:126)&#10;	at org.apache.maven.surefire.booter.ForkedBooter.main(ForkedBooter.java:418)&#10;&quot;&gt;" type="java.lang.AssertionError"><![CDATA[java.lang.AssertionError: 

Expecting:
 <javax.net.ssl.SSLException: Received fatal alert: internal_error>
to be an instance of any of:
 <[javax.net.ssl.SSLHandshakeException, java.net.SocketException]>
but was:
 <"javax.net.ssl.SSLException: Received fatal alert: internal_error
	at sun.security.ssl.Alerts.getSSLException(Alerts.java:208)
	at sun.security.ssl.Alerts.getSSLException(Alerts.java:154)
	at sun.security.ssl.SSLSocketImpl.recvAlert(SSLSocketImpl.java:2020)
	at sun.security.ssl.SSLSocketImpl.readRecord(SSLSocketImpl.java:1127)
	at sun.security.ssl.SSLSocketImpl.performInitialHandshake(SSLSocketImpl.java:1367)
	at sun.security.ssl.SSLSocketImpl.startHandshake(SSLSocketImpl.java:1395)
	at sun.security.ssl.SSLSocketImpl.startHandshake(SSLSocketImpl.java:1379)
	at org.apache.http.conn.ssl.SSLConnectionSocketFactory.createLayeredSocket(SSLConnectionSocketFactory.java:396)
	at org.apache.http.conn.ssl.SSLConnectionSocketFactory.connectSocket(SSLConnectionSocketFactory.java:355)
	at org.apache.http.impl.conn.DefaultHttpClientConnectionOperator.connect(DefaultHttpClientConnectionOperator.java:142)
	at org.apache.http.impl.conn.PoolingHttpClientConnectionManager.connect(PoolingHttpClientConnectionManager.java:373)
	at org.apache.http.impl.execchain.MainClientExec.establishRoute(MainClientExec.java:394)
	at org.apache.http.impl.execchain.MainClientExec.execute(MainClientExec.java:237)
	at org.apache.http.impl.execchain.ProtocolExec.execute(ProtocolExec.java:185)
	at org.apache.http.impl.execchain.RetryExec.execute(RetryExec.java:89)
	at org.apache.http.impl.execchain.RedirectExec.execute(RedirectExec.java:110)
	at org.apache.http.impl.client.InternalHttpClient.doExecute(InternalHttpClient.java:185)
	at org.apache.http.impl.client.CloseableHttpClient.execute(CloseableHttpClient.java:83)
	at org.apache.http.impl.client.CloseableHttpClient.execute(CloseableHttpClient.java:56)
	at org.springframework.http.client.HttpComponentsClientHttpRequest.executeInternal(HttpComponentsClientHttpRequest.java:87)
	at org.springframework.http.client.AbstractBufferingClientHttpRequest.executeInternal(AbstractBufferingClientHttpRequest.java:48)
	at org.springframework.http.client.AbstractClientHttpRequest.execute(AbstractClientHttpRequest.java:53)
	at org.springframework.boot.web.servlet.server.AbstractServletWebServerFactoryTests.getClientResponse(AbstractServletWebServerFactoryTests.java:1213)
	at org.springframework.boot.web.servlet.server.AbstractServletWebServerFactoryTests.getResponse(AbstractServletWebServerFactoryTests.java:1179)
	at org.springframework.boot.web.servlet.server.AbstractServletWebServerFactoryTests.getResponse(AbstractServletWebServerFactoryTests.java:1173)
	at org.springframework.boot.web.servlet.server.AbstractServletWebServerFactoryTests.testRestrictedSSLProtocolsAndCipherSuites(AbstractServletWebServerFactoryTests.java:705)
	at org.springframework.boot.web.embedded.undertow.UndertowServletWebServerFactoryTests.lambda$sslRestrictedProtocolsEmptyCipherFailure$8(UndertowServletWebServerFactoryTests.java:214)
	at org.assertj.core.api.ThrowableAssert.catchThrowable(ThrowableAssert.java:62)
	at org.assertj.core.api.ThrowableTypeAssert.isThrownBy(ThrowableTypeAssert.java:59)
	at org.springframework.boot.web.embedded.undertow.UndertowServletWebServerFactoryTests.sslRestrictedProtocolsEmptyCipherFailure(UndertowServletWebServerFactoryTests.java:214)
	at sun.reflect.NativeMethodAccessorImpl.invoke0(Native Method)
	at sun.reflect.NativeMethodAccessorImpl.invoke(NativeMethodAccessorImpl.java:62)
	at sun.reflect.DelegatingMethodAccessorImpl.invoke(DelegatingMethodAccessorImpl.java:43)
	at java.lang.reflect.Method.invoke(Method.java:498)
	at org.junit.runners.model.FrameworkMethod$1.runReflectiveCall(FrameworkMethod.java:50)
	at org.junit.internal.runners.model.ReflectiveCallable.run(ReflectiveCallable.java:12)
	at org.junit.runners.model.FrameworkMethod.invokeExplosively(FrameworkMethod.java:47)
	at org.junit.internal.runners.statements.InvokeMethod.evaluate(InvokeMethod.java:17)
	at org.junit.internal.runners.statements.RunAfters.evaluate(RunAfters.java:27)
	at org.springframework.boot.testsupport.rule.OutputCapture$1.evaluate(OutputCapture.java:57)
	at org.junit.rules.ExternalResource$1.evaluate(ExternalResource.java:48)
	at org.junit.rules.RunRules.evaluate(RunRules.java:20)
	at org.junit.runners.ParentRunner.runLeaf(ParentRunner.java:325)
	at org.junit.runners.BlockJUnit4ClassRunner.runChild(BlockJUnit4ClassRunner.java:78)
	at org.junit.runners.BlockJUnit4ClassRunner.runChild(BlockJUnit4ClassRunner.java:57)
	at org.junit.runners.ParentRunner$3.run(ParentRunner.java:290)
	at org.junit.runners.ParentRunner$1.schedule(ParentRunner.java:71)
	at org.junit.runners.ParentRunner.runChildren(ParentRunner.java:288)
	at org.junit.runners.ParentRunner.access$000(ParentRunner.java:58)
	at org.junit.runners.ParentRunner$2.evaluate(ParentRunner.java:268)
	at org.junit.runners.ParentRunner.run(ParentRunner.java:363)
	at org.apache.maven.surefire.junit4.JUnit4Provider.execute(JUnit4Provider.java:365)
	at org.apache.maven.surefire.junit4.JUnit4Provider.executeWithRerun(JUnit4Provider.java:273)
	at org.apache.maven.surefire.junit4.JUnit4Provider.executeTestSet(JUnit4Provider.java:238)
	at org.apache.maven.surefire.junit4.JUnit4Provider.invoke(JUnit4Provider.java:159)
	at org.apache.maven.surefire.booter.ForkedBooter.invokeProviderInSameClassLoader(ForkedBooter.java:384)
	at org.apache.maven.surefire.booter.ForkedBooter.runSuitesInProcess(ForkedBooter.java:345)
	at org.apache.maven.surefire.booter.ForkedBooter.execute(ForkedBooter.java:126)
	at org.apache.maven.surefire.booter.ForkedBooter.main(ForkedBooter.java:418)
">
	at org.springframework.boot.web.embedded.undertow.UndertowServletWebServerFactoryTests.sslRestrictedProtocolsEmptyCipherFailure(UndertowServletWebServerFactoryTests.java:217)
	at sun.reflect.NativeMethodAccessorImpl.invoke0(Native Method)
	at sun.reflect.NativeMethodAccessorImpl.invoke(NativeMethodAccessorImpl.java:62)
	at sun.reflect.DelegatingMethodAccessorImpl.invoke(DelegatingMethodAccessorImpl.java:43)
	at java.lang.reflect.Method.invoke(Method.java:498)
	at org.junit.runners.model.FrameworkMethod$1.runReflectiveCall(FrameworkMethod.java:50)
	at org.junit.internal.runners.model.ReflectiveCallable.run(ReflectiveCallable.java:12)
	at org.junit.runners.model.FrameworkMethod.invokeExplosively(FrameworkMethod.java:47)
	at org.junit.internal.runners.statements.InvokeMethod.evaluate(InvokeMethod.java:17)
	at org.junit.internal.runners.statements.RunAfters.evaluate(RunAfters.java:27)
	at org.springframework.boot.testsupport.rule.OutputCapture$1.evaluate(OutputCapture.java:57)
	at org.junit.rules.ExternalResource$1.evaluate(ExternalResource.java:48)
	at org.junit.rules.RunRules.evaluate(RunRules.java:20)
	at org.junit.runners.ParentRunner.runLeaf(ParentRunner.java:325)
	at org.junit.runners.BlockJUnit4ClassRunner.runChild(BlockJUnit4ClassRunner.java:78)
	at org.junit.runners.BlockJUnit4ClassRunner.runChild(BlockJUnit4ClassRunner.java:57)
	at org.junit.runners.ParentRunner$3.run(ParentRunner.java:290)
	at org.junit.runners.ParentRunner$1.schedule(ParentRunner.java:71)
	at org.junit.runners.ParentRunner.runChildren(ParentRunner.java:288)
	at org.junit.runners.ParentRunner.access$000(ParentRunner.java:58)
	at org.junit.runners.ParentRunner$2.evaluate(ParentRunner.java:268)
	at org.junit.runners.ParentRunner.run(ParentRunner.java:363)
	at org.apache.maven.surefire.junit4.JUnit4Provider.execute(JUnit4Provider.java:365)
	at org.apache.maven.surefire.junit4.JUnit4Provider.executeWithRerun(JUnit4Provider.java:273)
	at org.apache.maven.surefire.junit4.JUnit4Provider.executeTestSet(JUnit4Provider.java:238)
	at org.apache.maven.surefire.junit4.JUnit4Provider.invoke(JUnit4Provider.java:159)
	at org.apache.maven.surefire.booter.ForkedBooter.invokeProviderInSameClassLoader(ForkedBooter.java:384)
	at org.apache.maven.surefire.booter.ForkedBooter.runSuitesInProcess(ForkedBooter.java:345)
	at org.apache.maven.surefire.booter.ForkedBooter.execute(ForkedBooter.java:126)
	at org.apache.maven.surefire.booter.ForkedBooter.main(ForkedBooter.java:418)
]]></failure>
    <system-out><![CDATA[2022-03-04 21:10:41.816  INFO ???? --- [           main] o.s.b.w.s.ServletRegistrationBean        : Servlet exampleServlet mapped to [/hello]
2022-03-04 21:10:41.821  INFO ???? --- [           main] o.s.b.w.e.u.UndertowServletWebServer     : Undertow started on port(s) 64016 (https) with context path ''
]]></system-out>
  </testcase>
  <testcase name="basicSslClasspathKeyStore" classname="org.springframework.boot.web.embedded.undertow.UndertowServletWebServerFactoryTests" time="0.054"/>
  <testcase name="addNullAddBuilderCustomizersThrows" classname="org.springframework.boot.web.embedded.undertow.UndertowServletWebServerFactoryTests" time="0.001"/>
  <testcase name="errorPage404" classname="org.springframework.boot.web.embedded.undertow.UndertowServletWebServerFactoryTests" time="0.023"/>
  <testcase name="sslRestrictedProtocolsECDHETLS1Failure" classname="org.springframework.boot.web.embedded.undertow.UndertowServletWebServerFactoryTests" time="0.017"/>
  <testcase name="sslRestrictedProtocolsECDHESuccess" classname="org.springframework.boot.web.embedded.undertow.UndertowServletWebServerFactoryTests" time="0.033"/>
  <testcase name="addNullAddDeploymentInfoCustomizersThrows" classname="org.springframework.boot.web.embedded.undertow.UndertowServletWebServerFactoryTests" time="0.001"/>
  <testcase name="accessLogCanBeCustomized" classname="org.springframework.boot.web.embedded.undertow.UndertowServletWebServerFactoryTests" time="0.134"/>
  <testcase name="eachFactoryUsesADiscreteServletContainer" classname="org.springframework.boot.web.embedded.undertow.UndertowServletWebServerFactoryTests" time="0.006"/>
  <testcase name="accessLogCanBeEnabled" classname="org.springframework.boot.web.embedded.undertow.UndertowServletWebServerFactoryTests" time="0.116"/>
  <testcase name="useForwardHeaders" classname="org.springframework.boot.web.embedded.undertow.UndertowServletWebServerFactoryTests" time="0.012"/>
  <testcase name="setNullDeploymentInfoCustomizersThrows" classname="org.springframework.boot.web.embedded.undertow.UndertowServletWebServerFactoryTests" time="0.002"/>
  <testcase name="setNullBuilderCustomizersThrows" classname="org.springframework.boot.web.embedded.undertow.UndertowServletWebServerFactoryTests" time="0.004"/>
  <testcase name="defaultContextPath" classname="org.springframework.boot.web.embedded.undertow.UndertowServletWebServerFactoryTests" time="0.004"/>
  <testcase name="builderCustomizers" classname="org.springframework.boot.web.embedded.undertow.UndertowServletWebServerFactoryTests" time="0.006"/>
  <testcase name="sslRestrictedProtocolsRSATLS11Failure" classname="org.springframework.boot.web.embedded.undertow.UndertowServletWebServerFactoryTests" time="0.012"/>
  <testcase name="deploymentInfo" classname="org.springframework.boot.web.embedded.undertow.UndertowServletWebServerFactoryTests" time="0.008"/>
  <testcase name="serverHeaderIsDisabledByDefault" classname="org.springframework.boot.web.embedded.undertow.UndertowServletWebServerFactoryTests" time="0.013"/>
  <testcase name="errorPageFromPutRequest" classname="org.springframework.boot.web.embedded.undertow.UndertowServletWebServerFactoryTests" time="0.029"/>
  <testcase name="getValidSessionStoreWhenSessionStoreNotSet" classname="org.springframework.boot.web.embedded.undertow.UndertowServletWebServerFactoryTests" time="0.066"/>
  <testcase name="sslSessionTracking" classname="org.springframework.boot.web.embedded.undertow.UndertowServletWebServerFactoryTests" time="0.007"/>
  <testcase name="jspServletIsNotInDevelopmentModeByDefault" classname="org.springframework.boot.web.embedded.undertow.UndertowServletWebServerFactoryTests" time="0">
    <skipped message="got: null, expected: not null"/>
  </testcase>
  <testcase name="sessionCookieConfiguration" classname="org.springframework.boot.web.embedded.undertow.UndertowServletWebServerFactoryTests" time="0.005"/>
  <testcase name="contextRootPathMustNotBeSlash" classname="org.springframework.boot.web.embedded.undertow.UndertowServletWebServerFactoryTests" time="0.002"/>
  <testcase name="documentRoot" classname="org.springframework.boot.web.embedded.undertow.UndertowServletWebServerFactoryTests" time="0.01"/>
  <testcase name="mimeType" classname="org.springframework.boot.web.embedded.undertow.UndertowServletWebServerFactoryTests" time="0.014"/>
  <testcase name="basicSslFromFileSystem" classname="org.springframework.boot.web.embedded.undertow.UndertowServletWebServerFactoryTests" time="0.035"/>
  <testcase name="startBlocksUntilReadyToServe" classname="org.springframework.boot.web.embedded.undertow.UndertowServletWebServerFactoryTests" time="0.509"/>
  <testcase name="specificPort" classname="org.springframework.boot.web.embedded.undertow.UndertowServletWebServerFactoryTests" time="0.01"/>
  <testcase name="faultyFilterCausesStartFailure" classname="org.springframework.boot.web.embedded.undertow.UndertowServletWebServerFactoryTests" time="0.01"/>
  <testcase name="compressionOfResponseToGetRequest" classname="org.springframework.boot.web.embedded.undertow.UndertowServletWebServerFactoryTests" time="0.013"/>
  <testcase name="sslWantsClientAuthenticationSucceedsWithClientCertificate" classname="org.springframework.boot.web.embedded.undertow.UndertowServletWebServerFactoryTests" time="0.03"/>
  <testcase name="startCalledTwice" classname="org.springframework.boot.web.embedded.undertow.UndertowServletWebServerFactoryTests" time="0.011"/>
  <testcase name="sslWantsClientAuthenticationSucceedsWithoutClientCertificate" classname="org.springframework.boot.web.embedded.undertow.UndertowServletWebServerFactoryTests" time="0.035"/>
  <testcase name="customServerHeader" classname="org.springframework.boot.web.embedded.undertow.UndertowServletWebServerFactoryTests" time="0.019"/>
  <testcase name="startServletAndFilter" classname="org.springframework.boot.web.embedded.undertow.UndertowServletWebServerFactoryTests" time="0.021"/>
  <testcase name="sessionConfiguration" classname="org.springframework.boot.web.embedded.undertow.UndertowServletWebServerFactoryTests" time="0.002"/>
  <testcase name="emptyServerWhenPortIsMinusOne" classname="org.springframework.boot.web.embedded.undertow.UndertowServletWebServerFactoryTests" time="0.003"/>
  <testcase name="persistSession" classname="org.springframework.boot.web.embedded.undertow.UndertowServletWebServerFactoryTests" time="0.108"/>
  <testcase name="stopCalledTwice" classname="org.springframework.boot.web.embedded.undertow.UndertowServletWebServerFactoryTests" time="0.005"/>
  <testcase name="getValidSessionStoreWhenSessionStoreReferencesFile" classname="org.springframework.boot.web.embedded.undertow.UndertowServletWebServerFactoryTests" time="0.001"/>
  <testcase name="serverHeaderCanBeCustomizedWhenUsingSsl" classname="org.springframework.boot.web.embedded.undertow.UndertowServletWebServerFactoryTests" time="0.033"/>
  <testcase name="contextPathMustStartWithSlash" classname="org.springframework.boot.web.embedded.undertow.UndertowServletWebServerFactoryTests" time="0.001"/>
  <testcase name="jspServletInitParameters" classname="org.springframework.boot.web.embedded.undertow.UndertowServletWebServerFactoryTests" time="0">
    <skipped message="got: null, expected: not null"/>
  </testcase>
  <testcase name="persistSessionInSpecificSessionStoreDir" classname="org.springframework.boot.web.embedded.undertow.UndertowServletWebServerFactoryTests" time="0.016"/>
  <testcase name="sslGetScheme" classname="org.springframework.boot.web.embedded.undertow.UndertowServletWebServerFactoryTests" time="0.037"/>
  <testcase name="errorPage" classname="org.springframework.boot.web.embedded.undertow.UndertowServletWebServerFactoryTests" time="0.02"/>
  <testcase name="contextPathIsLoggedOnStartup" classname="org.springframework.boot.web.embedded.undertow.UndertowServletWebServerFactoryTests" time="0.02"/>
  <testcase name="sslWithCustomSslStoreProvider" classname="org.springframework.boot.web.embedded.undertow.UndertowServletWebServerFactoryTests" time="0.038"/>
  <testcase name="servletContextListenerContextDestroyedIsCalledWhenContainerIsStopped" classname="org.springframework.boot.web.embedded.undertow.UndertowServletWebServerFactoryTests" time="0.01"/>
  <testcase name="compressionWithoutContentSizeHeader" classname="org.springframework.boot.web.embedded.undertow.UndertowServletWebServerFactoryTests" time="0.012"/>
  <testcase name="contextPathMustNotEndWithSlash" classname="org.springframework.boot.web.embedded.undertow.UndertowServletWebServerFactoryTests" time="0.002"/>
  <testcase name="stopServlet" classname="org.springframework.boot.web.embedded.undertow.UndertowServletWebServerFactoryTests" time="0.008"/>
  <testcase name="serverHeaderIsDisabledByDefaultWhenUsingSsl" classname="org.springframework.boot.web.embedded.undertow.UndertowServletWebServerFactoryTests" time="0.039"/>
  <testcase name="mimeMappingsAreCorrectlyConfigured" classname="org.springframework.boot.web.embedded.undertow.UndertowServletWebServerFactoryTests" time="0.007"/>
  <testcase name="multipleConfigurations" classname="org.springframework.boot.web.embedded.undertow.UndertowServletWebServerFactoryTests" time="0.008"/>
  <testcase name="exceptionThrownOnLoadFailureIsRethrown" classname="org.springframework.boot.web.embedded.undertow.UndertowServletWebServerFactoryTests" time="0.003"/>
  <testcase name="loadOnStartAfterContextIsInitialized" classname="org.springframework.boot.web.embedded.undertow.UndertowServletWebServerFactoryTests" time="0.012"/>
  <testcase name="sslNeedsClientAuthenticationSucceedsWithClientCertificate" classname="org.springframework.boot.web.embedded.undertow.UndertowServletWebServerFactoryTests" time="0.046"/>
  <testcase name="sslDisabled" classname="org.springframework.boot.web.embedded.undertow.UndertowServletWebServerFactoryTests" time="0.023"/>
  <testcase name="basicSslFromClassPath" classname="org.springframework.boot.web.embedded.undertow.UndertowServletWebServerFactoryTests" time="0.034"/>
  <testcase name="compressionOfResponseToPostRequest" classname="org.springframework.boot.web.embedded.undertow.UndertowServletWebServerFactoryTests" time="0.015"/>
  <testcase name="sslKeyAlias" classname="org.springframework.boot.web.embedded.undertow.UndertowServletWebServerFactoryTests" time="0.04"/>
  <testcase name="rootServletContextResource" classname="org.springframework.boot.web.embedded.undertow.UndertowServletWebServerFactoryTests" time="0.018"/>
  <testcase name="portClashOfPrimaryConnectorResultsInPortInUseException" classname="org.springframework.boot.web.embedded.undertow.UndertowServletWebServerFactoryTests" time="0.011"/>
  <testcase name="defaultSessionTimeout" classname="org.springframework.boot.web.embedded.undertow.UndertowServletWebServerFactoryTests" time="0.002"/>
  <testcase name="noCompressionForSmallResponse" classname="org.springframework.boot.web.embedded.undertow.UndertowServletWebServerFactoryTests" time="0.016"/>
  <testcase name="disableJspServletRegistration" classname="org.springframework.boot.web.embedded.undertow.UndertowServletWebServerFactoryTests" time="0.003"/>
  <testcase name="localeCharsetMappingsAreConfigured" classname="org.springframework.boot.web.embedded.undertow.UndertowServletWebServerFactoryTests" time="0.007"/>
  <testcase name="pkcs12KeyStoreAndTrustStore" classname="org.springframework.boot.web.embedded.undertow.UndertowServletWebServerFactoryTests" time="0.061"/>
  <testcase name="portClashOfSecondaryConnectorResultsInPortInUseException" classname="org.springframework.boot.web.embedded.undertow.UndertowServletWebServerFactoryTests" time="0.006"/>
  <testcase name="cannotReadClassPathFiles" classname="org.springframework.boot.web.embedded.undertow.UndertowServletWebServerFactoryTests" time="0.012"/>
  <testcase name="startServlet" classname="org.springframework.boot.web.embedded.undertow.UndertowServletWebServerFactoryTests" time="0.011"/>
  <testcase name="sslNeedsClientAuthenticationFailsWithoutClientCertificate" classname="org.springframework.boot.web.embedded.undertow.UndertowServletWebServerFactoryTests" time="0.027"/>
  <testcase name="specificContextRoot" classname="org.springframework.boot.web.embedded.undertow.UndertowServletWebServerFactoryTests" time="0.014"/>
  <testcase name="getValidSessionStoreWhenSessionStoreIsRelative" classname="org.springframework.boot.web.embedded.undertow.UndertowServletWebServerFactoryTests" time="0.091"/>
  <testcase name="noCompressionForUserAgent" classname="org.springframework.boot.web.embedded.undertow.UndertowServletWebServerFactoryTests" time="0.012"/>
  <testcase name="noCompressionForMimeType" classname="org.springframework.boot.web.embedded.undertow.UndertowServletWebServerFactoryTests" time="0.013"/>
</testsuite>