<?xml version="1.0" encoding="UTF-8"?>
<testsuite xmlns:xsi="http://www.w3.org/2001/XMLSchema-instance" xsi:noNamespaceSchemaLocation="https://maven.apache.org/surefire/maven-surefire-plugin/xsd/surefire-test-report.xsd" name="org.springframework.boot.testsupport.assertj.MatchedTests" time="0.281" tests="4" errors="0" skipped="0" failures="0">
  <properties>
[...]
</properties>
  <testcase name="whenMatcherDoesNotMatch" classname="org.springframework.boot.testsupport.assertj.MatchedTests" time="0.177"/>
  <testcase name="whenMatcherMatches" classname="org.springframework.boot.testsupport.assertj.MatchedTests" time="0"/>
  <testcase name="byMatcherMatches" classname="org.springframework.boot.testsupport.assertj.MatchedTests" time="0"/>
  <testcase name="byMatcherDoesNotMatch" classname="org.springframework.boot.testsupport.assertj.MatchedTests" time="0.001"/>
</testsuite>